<?xml version="1.0" encoding="UTF-8"?>
<!-- Generated by org.testng.reporters.JUnitXMLReporter -->
<testsuite hostname="hp-PC" name="Testcases" tests="12" failures="0" timestamp="29 Mar 2020 10:46:47 GMT" time="68.4" errors="0">
  <testcase name="fetchHeaders" time="3.013" classname="com.employee.testcases.TC001GetRequest"/>
  <testcase name="verifyContentEncoding" time="3.004" classname="com.employee.testcases.TC001GetRequest"/>
  <testcase name="verifyContentLength" time="3.004" classname="com.employee.testcases.TC001GetRequest"/>
  <testcase name="verifyResponseBody" time="3.04" classname="com.employee.testcases.TC001GetRequest"/>
  <testcase name="verifyStatusCode" time="3.001" classname="com.employee.testcases.TC001GetRequest"/>
  <testcase name="verifyStatusLine" time="3.001" classname="com.employee.testcases.TC001GetRequest"/>
  <testcase name="verifyResponseBody" time="3.003" classname="com.employee.testcases.TC002PostRequest"/>
  <testcase name="verifyStatusCode" time="3.002" classname="com.employee.testcases.TC002PostRequest"/>
  <testcase name="verifyResponseBody" time="3.002" classname="com.employee.testcases.TC003GetRequest"/>
  <testcase name="verifyStatusCode" time="3.001" classname="com.employee.testcases.TC003GetRequest"/>
  <testcase name="verifyResponseBody" time="3.011" classname="com.employee.testcases.TC004GetRequest"/>
  <testcase name="verifyStatusCode" time="3.005" classname="com.employee.testcases.TC004GetRequest"/>
</testsuite> <!-- Testcases -->
